Using pre-set license
Built from '2020.3/staging' branch; Version is '2020.3.13f1 (71691879b7f5) revision 7432472'; Using compiler version '192528614'; Build Type 'Release'
OS: 'Windows 10 Home; OS build 19042.1052; Version 2009; 64bit' Language: 'pt' Physical Memory: 8052 MB
BatchMode: 1, IsHumanControllingUs: 0, StartBugReporterOnCrash: 0, Is64bit: 1, IsPro: 0

 COMMAND LINE ARGUMENTS:
C:\Program Files\Unity\2020.3.13f1\Editor\Unity.exe
-adb2
-batchMode
-noUpm
-name
AssetImportWorker1
-projectPath
C:/Users/Thayane/Desktop/GitHub/Jogo-da-India/New Unity Project
-logFile
Logs/AssetImportWorker1.log
-srvPort
59381
Successfully changed project path to: C:/Users/Thayane/Desktop/GitHub/Jogo-da-India/New Unity Project
C:/Users/Thayane/Desktop/GitHub/Jogo-da-India/New Unity Project
Using Asset Import Pipeline V2.
Refreshing native plugins compatible for Editor in 174.42 ms, found 2 plugins.
Preloading 0 native plugins for Editor in 0.00 ms.
Initialize engine version: 2020.3.13f1 (71691879b7f5)
[Subsystems] Discovering subsystems at path C:/Program Files/Unity/2020.3.13f1/Editor/Data/Resources/UnitySubsystems
[Subsystems] Discovering subsystems at path C:/Users/Thayane/Desktop/GitHub/Jogo-da-India/New Unity Project/Assets
GfxDevice: creating device client; threaded=0
Direct3D:
    Version:  Direct3D 11.0 [level 11.1]
    Renderer: NVIDIA GeForce GTX 1050 (ID=0x1c8d)
    Vendor:   
    VRAM:     4019 MB
    Driver:   27.21.14.5771
Initialize mono
Mono path[0] = 'C:/Program Files/Unity/2020.3.13f1/Editor/Data/Managed'
Mono path[1] = 'C:/Program Files/Unity/2020.3.13f1/Editor/Data/MonoBleedingEdge/lib/mono/unityjit'
Mono config path = 'C:/Program Files/Unity/2020.3.13f1/Editor/Data/MonoBleedingEdge/etc'
Using monoOptions --debugger-agent=transport=dt_socket,embedding=1,server=y,suspend=n,address=127.0.0.1:56064
Begin MonoManager ReloadAssembly
Registering precompiled unity dll's ...
Register platform support module: C:/Program Files/Unity/2020.3.13f1/Editor/Data/PlaybackEngines/WindowsStandaloneSupport/UnityEditor.WindowsStandalone.Extensions.dll
Registered in 0.008821 seconds.
Native extension for WindowsStandalone target not found
Refreshing native plugins compatible for Editor in 175.86 ms, found 2 plugins.
Preloading 0 native plugins for Editor in 0.00 ms.
Mono: successfully reloaded assembly
- Completed reload, in  8.251 seconds
Platform modules already initialized, skipping
Registering precompiled user dll's ...
Registered in 0.042728 seconds.
Begin MonoManager ReloadAssembly
Native extension for WindowsStandalone target not found
Refreshing native plugins compatible for Editor in 1.51 ms, found 2 plugins.
Preloading 0 native plugins for Editor in 0.00 ms.
Mono: successfully reloaded assembly
- Completed reload, in  4.137 seconds
Platform modules already initialized, skipping
========================================================================
Worker process is ready to serve import requests
Launched and connected shader compiler UnityShaderCompiler.exe after 0.60 seconds
Refreshing native plugins compatible for Editor in 1.18 ms, found 2 plugins.
Preloading 0 native plugins for Editor in 0.00 ms.
Unloading 1867 Unused Serialized files (Serialized files now loaded: 0)
System memory in use before: 92.8 MB.
System memory in use after: 92.9 MB.

Unloading 19 unused Assets to reduce memory usage. Loaded Objects now: 2320.
Total: 7.536700 ms (FindLiveObjects: 2.387100 ms CreateObjectMapping: 0.391000 ms MarkObjects: 4.577500 ms  DeleteObjects: 0.178700 ms)

AssetImportParameters requested are different than current active one (requested -> active):
  custom:framework-win-MediaFoundation: 216162199b28c13a410421893ffa2e32 -> 
  custom:video-decoder-ogg-theora: a1e56fd34408186e4bbccfd4996cb3dc -> 
  custom:container-muxer-webm: aa71ff27fc2769a1b78a27578f13a17b -> 
  custom:container-demuxer-webm: 4f35f7cbe854078d1ac9338744f61a02 -> 
  custom:container-demuxer-ogg: 62fdf1f143b41e24485cea50d1cbac27 -> 
  custom:video-encoder-webm-vp8: eb34c28f22e8b96e1ab97ce403110664 -> 
  custom:video-codec-MediaFoundation-h265: 746d11721c4dcdbdad8f713fa42b33f4 -> 
  custom:video-decoder-webm-vp8: 9c59270c3fd7afecdb556c50c9e8de78 -> 
  custom:audio-decoder-ogg-vorbis: bf7c407c2cedff20999df2af8eb42d56 -> 
  custom:audio-encoder-webm-vorbis: bf7c407c2cedff20999df2af8eb42d56 -> 
========================================================================
Received Import Request.
  path: Assets/Invector-3rdPersonController/Shooter/Resources/AimCanvas.prefab
  artifactKey: Guid(041726e4330290b43ac95e1cf84d3636) Importer(815301076,1909f56bfc062723c751e8b465ee728b)
Start importing Assets/Invector-3rdPersonController/Shooter/Resources/AimCanvas.prefab using Guid(041726e4330290b43ac95e1cf84d3636) Importer(815301076,1909f56bfc062723c751e8b465ee728b)  -> (artifact id: 'ba53e46c8c8fc8dec45438eacd99f09c') in 0.935053 seconds 
  Import took 0.946579 seconds .

========================================================================
Received Import Request.
  Time since last request: 0.000475 seconds.
  path: Assets/Invector-3rdPersonController/Shooter/Prefabs/Weapon/_weapons_WITH_Inventory/_collectables/vCollectableRPG.prefab
  artifactKey: Guid(29c64441cf150e1478de24e3252446ec) Importer(815301076,1909f56bfc062723c751e8b465ee728b)
Start importing Assets/Invector-3rdPersonController/Shooter/Prefabs/Weapon/_weapons_WITH_Inventory/_collectables/vCollectableRPG.prefab using Guid(29c64441cf150e1478de24e3252446ec) Importer(815301076,1909f56bfc062723c751e8b465ee728b)  -> (artifact id: '611dd45c008b9c1cf813579629343751') in 2.548272 seconds 
  Import took 2.608570 seconds .

========================================================================
Received Import Request.
  Time since last request: 0.000597 seconds.
  path: Assets/Invector-3rdPersonController/Shooter/Prefabs/Weapon/_weapons_WITH_Inventory/_weaponsPrefabs/vHandgun_Inventory.prefab
  artifactKey: Guid(a0ef3c70b27799d409935f45a6537bb0) Importer(815301076,1909f56bfc062723c751e8b465ee728b)
Start importing Assets/Invector-3rdPersonController/Shooter/Prefabs/Weapon/_weapons_WITH_Inventory/_weaponsPrefabs/vHandgun_Inventory.prefab using Guid(a0ef3c70b27799d409935f45a6537bb0) Importer(815301076,1909f56bfc062723c751e8b465ee728b)  -> (artifact id: 'da3be9e7de8696ef284254a13a0d02b9') in 0.539672 seconds 
  Import took 0.549842 seconds .

========================================================================
Received Import Request.
  Time since last request: 0.000572 seconds.
  path: Assets/Invector-3rdPersonController/Shooter/Resources/vShooterItemEnumsList.asset
  artifactKey: Guid(75c03db3602573440ac98caf1fb7ffd7) Importer(815301076,1909f56bfc062723c751e8b465ee728b)
Start importing Assets/Invector-3rdPersonController/Shooter/Resources/vShooterItemEnumsList.asset using Guid(75c03db3602573440ac98caf1fb7ffd7) Importer(815301076,1909f56bfc062723c751e8b465ee728b)  -> (artifact id: 'baa47d07088d80538187529189f3be6c') in 0.012223 seconds 
  Import took 0.019064 seconds .

========================================================================
Received Import Request.
  Time since last request: 0.000478 seconds.
  path: Assets/Invector-3rdPersonController/Shooter/Prefabs/Weapon/_weapons_WITH_Inventory/_weaponsPrefabs/vShotgun_Inventory.prefab
  artifactKey: Guid(e53efed3927a7254aa010f9c6752223c) Importer(815301076,1909f56bfc062723c751e8b465ee728b)
Start importing Assets/Invector-3rdPersonController/Shooter/Prefabs/Weapon/_weapons_WITH_Inventory/_weaponsPrefabs/vShotgun_Inventory.prefab using Guid(e53efed3927a7254aa010f9c6752223c) Importer(815301076,1909f56bfc062723c751e8b465ee728b)  -> (artifact id: '922f3163a56c57263ce7d94614a90933') in 0.546898 seconds 
  Import took 0.563318 seconds .

========================================================================
Received Import Request.
  Time since last request: 0.000573 seconds.
  path: Assets/Invector-3rdPersonController/Shooter/Prefabs/Weapon/_weapons_WITH_Inventory/_collectables/vCollectableHandgun.prefab
  artifactKey: Guid(38ebe90b46d37bd47822899bd47a318a) Importer(815301076,1909f56bfc062723c751e8b465ee728b)
Start importing Assets/Invector-3rdPersonController/Shooter/Prefabs/Weapon/_weapons_WITH_Inventory/_collectables/vCollectableHandgun.prefab using Guid(38ebe90b46d37bd47822899bd47a318a) Importer(815301076,1909f56bfc062723c751e8b465ee728b)  -> (artifact id: '641e298c4f50e6b365ece8f9725bc7b6') in 0.751736 seconds 
  Import took 0.789904 seconds .

========================================================================
Received Import Request.
  Time since last request: 0.000580 seconds.
  path: Assets/Invector-3rdPersonController/Shooter/Prefabs/Weapon/_bullets/vDefaultBullet.prefab
  artifactKey: Guid(22773fb6a3ebd59429b49fd6e288058e) Importer(815301076,1909f56bfc062723c751e8b465ee728b)
Start importing Assets/Invector-3rdPersonController/Shooter/Prefabs/Weapon/_bullets/vDefaultBullet.prefab using Guid(22773fb6a3ebd59429b49fd6e288058e) Importer(815301076,1909f56bfc062723c751e8b465ee728b)  -> (artifact id: '9217784e1aab188e83239a66a6ae8f5c') in 0.147228 seconds 
  Import took 0.160173 seconds .

========================================================================
Received Import Request.
  Time since last request: 0.000692 seconds.
  path: Assets/Invector-3rdPersonController/Shooter/Prefabs/Weapon/_weapons_WITH_Inventory/_weaponsPrefabs/vAssaultRifle_Inventory.prefab
  artifactKey: Guid(0aa8a1542200b3f4a978ba11eeb1ec1b) Importer(815301076,1909f56bfc062723c751e8b465ee728b)
Start importing Assets/Invector-3rdPersonController/Shooter/Prefabs/Weapon/_weapons_WITH_Inventory/_weaponsPrefabs/vAssaultRifle_Inventory.prefab using Guid(0aa8a1542200b3f4a978ba11eeb1ec1b) Importer(815301076,1909f56bfc062723c751e8b465ee728b)  -> (artifact id: '58ece0a25c4179d5427e639efa340123') in 0.952050 seconds 
  Import took 0.961977 seconds .

========================================================================
Received Import Request.
  Time since last request: 0.000472 seconds.
  path: Assets/Invector-3rdPersonController/Shooter/Prefabs/Weapon/_bullets/BulletLifeSettings.asset
  artifactKey: Guid(537539c32a6167248b7005fa8612f575) Importer(815301076,1909f56bfc062723c751e8b465ee728b)
Start importing Assets/Invector-3rdPersonController/Shooter/Prefabs/Weapon/_bullets/BulletLifeSettings.asset using Guid(537539c32a6167248b7005fa8612f575) Importer(815301076,1909f56bfc062723c751e8b465ee728b)  -> (artifact id: '36a979b01f0272be780c74468ce11b79') in 0.005408 seconds 
  Import took 0.010855 seconds .

========================================================================
Received Import Request.
  Time since last request: 0.000411 seconds.
  path: Assets/Invector-3rdPersonController/Shooter/Prefabs/Weapon/_bullets/vGrenadeRifle3.prefab
  artifactKey: Guid(857d9a2ed5ad45f49b045759e805a51c) Importer(815301076,1909f56bfc062723c751e8b465ee728b)
Start importing Assets/Invector-3rdPersonController/Shooter/Prefabs/Weapon/_bullets/vGrenadeRifle3.prefab using Guid(857d9a2ed5ad45f49b045759e805a51c) Importer(815301076,1909f56bfc062723c751e8b465ee728b)  -> (artifact id: '36934b5aebe4e78f5d984c92f59111ef') in 0.299509 seconds 
  Import took 0.307934 seconds .

========================================================================
Received Import Request.
  Time since last request: 0.000489 seconds.
  path: Assets/Invector-3rdPersonController/Shooter/Prefabs/Weapon/_weapons_WITH_Inventory/_ammo/vAmmoAssaultRifle_Inventory.prefab
  artifactKey: Guid(a42f47c5b82df4f4d8fa88ad8a6f90b7) Importer(815301076,1909f56bfc062723c751e8b465ee728b)
Start importing Assets/Invector-3rdPersonController/Shooter/Prefabs/Weapon/_weapons_WITH_Inventory/_ammo/vAmmoAssaultRifle_Inventory.prefab using Guid(a42f47c5b82df4f4d8fa88ad8a6f90b7) Importer(815301076,1909f56bfc062723c751e8b465ee728b)  -> (artifact id: '790e953e1b4f5b6b654b01954682e9cd') in 0.674864 seconds 
  Import took 0.711196 seconds .

========================================================================
Received Import Request.
  Time since last request: 0.000544 seconds.
  path: Assets/Invector-3rdPersonController/Shooter/Resources/AimCanvas 2.5d.prefab
  artifactKey: Guid(9b5096fe0e95fe942b69fcf4fe622e77) Importer(815301076,1909f56bfc062723c751e8b465ee728b)
Start importing Assets/Invector-3rdPersonController/Shooter/Resources/AimCanvas 2.5d.prefab using Guid(9b5096fe0e95fe942b69fcf4fe622e77) Importer(815301076,1909f56bfc062723c751e8b465ee728b)  -> (artifact id: 'c60cfef9119fc74a7c5bdc384e355725') in 0.057771 seconds 
  Import took 0.083156 seconds .

========================================================================
Received Import Request.
  Time since last request: 0.000483 seconds.
  path: Assets/Invector-3rdPersonController/Shooter/Prefabs/Weapon/_weapons_WITH_Inventory/_ammo/vAmmoRPG_Inventory.prefab
  artifactKey: Guid(4f038aa3db9cf9d4cace8c95a2c62f18) Importer(815301076,1909f56bfc062723c751e8b465ee728b)
Start importing Assets/Invector-3rdPersonController/Shooter/Prefabs/Weapon/_weapons_WITH_Inventory/_ammo/vAmmoRPG_Inventory.prefab using Guid(4f038aa3db9cf9d4cace8c95a2c62f18) Importer(815301076,1909f56bfc062723c751e8b465ee728b)  -> (artifact id: '3b1b35838c5b5c720e76c84089d19066') in 0.693685 seconds 
  Import took 0.726716 seconds .

========================================================================
Received Import Request.
  Time since last request: 0.000607 seconds.
  path: Assets/Invector-3rdPersonController/Shooter/Prefabs/Weapon/_bullets/vGrenadeRifle.prefab
  artifactKey: Guid(4de48263cb1c7954caf2de077128408a) Importer(815301076,1909f56bfc062723c751e8b465ee728b)
Start importing Assets/Invector-3rdPersonController/Shooter/Prefabs/Weapon/_bullets/vGrenadeRifle.prefab using Guid(4de48263cb1c7954caf2de077128408a) Importer(815301076,1909f56bfc062723c751e8b465ee728b)  -> (artifact id: '5feae548c2954232a0d6df1a904a7011') in 0.048143 seconds 
  Import took 0.057793 seconds .

========================================================================
Received Import Request.
  Time since last request: 0.000588 seconds.
  path: Assets/Invector-3rdPersonController/Shooter/Prefabs/Weapon/_weapons_WITH_Inventory/_ammo/vAmmoSniper_Inventory.prefab
  artifactKey: Guid(7eb4296630a683045b816e7d7816e5cd) Importer(815301076,1909f56bfc062723c751e8b465ee728b)
Start importing Assets/Invector-3rdPersonController/Shooter/Prefabs/Weapon/_weapons_WITH_Inventory/_ammo/vAmmoSniper_Inventory.prefab using Guid(7eb4296630a683045b816e7d7816e5cd) Importer(815301076,1909f56bfc062723c751e8b465ee728b)  -> (artifact id: '3e7c7650aa330e97c768ef5d8ae92606') in 0.791710 seconds 
  Import took 0.827210 seconds .

========================================================================
Received Import Request.
  Time since last request: 0.000665 seconds.
  path: Assets/Invector-3rdPersonController/Shooter/Prefabs/Weapon/_weapons_WITH_Inventory/_collectables/vCollectableSniper.prefab
  artifactKey: Guid(b13b1a669dda56f4cbd8fb0d831eec76) Importer(815301076,1909f56bfc062723c751e8b465ee728b)
Start importing Assets/Invector-3rdPersonController/Shooter/Prefabs/Weapon/_weapons_WITH_Inventory/_collectables/vCollectableSniper.prefab using Guid(b13b1a669dda56f4cbd8fb0d831eec76) Importer(815301076,1909f56bfc062723c751e8b465ee728b)  -> (artifact id: '104048a2c97600ea2edc4790780629c8') in 0.689533 seconds 
  Import took 0.726022 seconds .

========================================================================
Received Import Request.
  Time since last request: 0.000673 seconds.
  path: Assets/Invector-3rdPersonController/Shooter/Prefabs/Weapon/_bullets/vMobileBullet.prefab
  artifactKey: Guid(1db2225b4dce58e409c91aea33a95291) Importer(815301076,1909f56bfc062723c751e8b465ee728b)
Start importing Assets/Invector-3rdPersonController/Shooter/Prefabs/Weapon/_bullets/vMobileBullet.prefab using Guid(1db2225b4dce58e409c91aea33a95291) Importer(815301076,1909f56bfc062723c751e8b465ee728b)  -> (artifact id: '729355054bbe610e0b0186963d69325c') in 0.080921 seconds 
  Import took 0.094248 seconds .

========================================================================
Received Import Request.
  Time since last request: 0.000470 seconds.
  path: Assets/Invector-3rdPersonController/Shooter/Prefabs/Weapon/_bullets/vMiniGuntBullet.prefab
  artifactKey: Guid(1395e9e8fba378d42b179b2f75833df6) Importer(815301076,1909f56bfc062723c751e8b465ee728b)
Start importing Assets/Invector-3rdPersonController/Shooter/Prefabs/Weapon/_bullets/vMiniGuntBullet.prefab using Guid(1395e9e8fba378d42b179b2f75833df6) Importer(815301076,1909f56bfc062723c751e8b465ee728b)  -> (artifact id: '14d5ee2b2d722062c1518a8c2af52ee7') in 0.098843 seconds 
  Import took 0.112606 seconds .

========================================================================
Received Import Request.
  Time since last request: 0.000520 seconds.
  path: Assets/Invector-3rdPersonController/Shooter/Prefabs/Weapon/_weapons_WITH_Inventory/_ammo/vAmmoHandgun_Inventory.prefab
  artifactKey: Guid(b937b1c35b810f8439e6b1df783cb32b) Importer(815301076,1909f56bfc062723c751e8b465ee728b)
Start importing Assets/Invector-3rdPersonController/Shooter/Prefabs/Weapon/_weapons_WITH_Inventory/_ammo/vAmmoHandgun_Inventory.prefab using Guid(b937b1c35b810f8439e6b1df783cb32b) Importer(815301076,1909f56bfc062723c751e8b465ee728b)  -> (artifact id: 'bb7ba51d71112d47b823bbfb37214ce3') in 0.768449 seconds 
  Import took 0.802993 seconds .

========================================================================
Received Import Request.
  Time since last request: 0.000650 seconds.
  path: Assets/Invector-3rdPersonController/Shooter/Prefabs/Weapon/_bullets/vRPGAmmo.prefab
  artifactKey: Guid(51167016d084309499498271caa6d1c7) Importer(815301076,1909f56bfc062723c751e8b465ee728b)
Start importing Assets/Invector-3rdPersonController/Shooter/Prefabs/Weapon/_bullets/vRPGAmmo.prefab using Guid(51167016d084309499498271caa6d1c7) Importer(815301076,1909f56bfc062723c751e8b465ee728b)  -> (artifact id: '881b8b1d31a94528f68bd4be20351351') in 0.065976 seconds 
  Import took 0.075417 seconds .

========================================================================
Received Import Request.
  Time since last request: 0.000522 seconds.
  path: Assets/Invector-3rdPersonController/Shooter/Prefabs/Weapon/_weapons_WITH_Inventory/_ammo/vAmmoShotgun_Inventory.prefab
  artifactKey: Guid(774e07b04df89da44ba1bc3922c1ebee) Importer(815301076,1909f56bfc062723c751e8b465ee728b)
Start importing Assets/Invector-3rdPersonController/Shooter/Prefabs/Weapon/_weapons_WITH_Inventory/_ammo/vAmmoShotgun_Inventory.prefab using Guid(774e07b04df89da44ba1bc3922c1ebee) Importer(815301076,1909f56bfc062723c751e8b465ee728b)  -> (artifact id: '3f4a6bf6461fd52d59f4610416255364') in 0.736827 seconds 
  Import took 0.767463 seconds .

========================================================================
Received Import Request.
  Time since last request: 0.000575 seconds.
  path: Assets/Invector-3rdPersonController/Shooter/Prefabs/Weapon/_weapons_WITH_Inventory/_collectables/vCollectibleAssaultRifle.prefab
  artifactKey: Guid(d514a70d9dfd1ec459bbec7c9799555a) Importer(815301076,1909f56bfc062723c751e8b465ee728b)
Start importing Assets/Invector-3rdPersonController/Shooter/Prefabs/Weapon/_weapons_WITH_Inventory/_collectables/vCollectibleAssaultRifle.prefab using Guid(d514a70d9dfd1ec459bbec7c9799555a) Importer(815301076,1909f56bfc062723c751e8b465ee728b)  -> (artifact id: 'e1f7bf62c3a58508c13fe96618fe1d36') in 0.739218 seconds 
  Import took 0.771204 seconds .

========================================================================
Received Import Request.
  Time since last request: 0.000569 seconds.
  path: Assets/Invector-3rdPersonController/Shooter/Prefabs/Weapon/_weapons_WITH_Inventory/_weaponsPrefabs/RifleClip.prefab
  artifactKey: Guid(f0031d2f9e062d64a88344acdacbcb95) Importer(815301076,1909f56bfc062723c751e8b465ee728b)
Start importing Assets/Invector-3rdPersonController/Shooter/Prefabs/Weapon/_weapons_WITH_Inventory/_weaponsPrefabs/RifleClip.prefab using Guid(f0031d2f9e062d64a88344acdacbcb95) Importer(815301076,1909f56bfc062723c751e8b465ee728b)  -> (artifact id: 'b1931d1ab055b3e049b596503a9ad99c') in 0.025590 seconds 
  Import took 0.034350 seconds .

========================================================================
Received Import Request.
  Time since last request: 0.000422 seconds.
  path: Assets/Invector-3rdPersonController/Shooter/Prefabs/Weapon/_weapons_WITH_Inventory/_collectables/vCollectableShotgun.prefab
  artifactKey: Guid(763836da888842349a25cd7daf28a752) Importer(815301076,1909f56bfc062723c751e8b465ee728b)
Start importing Assets/Invector-3rdPersonController/Shooter/Prefabs/Weapon/_weapons_WITH_Inventory/_collectables/vCollectableShotgun.prefab using Guid(763836da888842349a25cd7daf28a752) Importer(815301076,1909f56bfc062723c751e8b465ee728b)  -> (artifact id: 'b95ef7499cb130bf8ee9928bc0232fd7') in 0.867640 seconds 
  Import took 0.910330 seconds .

========================================================================
Received Import Request.
  Time since last request: 0.000498 seconds.
  path: Assets/Invector-3rdPersonController/Shooter/Prefabs/Weapon/_weapons_WITH_Inventory/_weaponsPrefabs/vRPG_Inventory.prefab
  artifactKey: Guid(490b027b4bc17844c86dfb0e3f50ba97) Importer(815301076,1909f56bfc062723c751e8b465ee728b)
Start importing Assets/Invector-3rdPersonController/Shooter/Prefabs/Weapon/_weapons_WITH_Inventory/_weaponsPrefabs/vRPG_Inventory.prefab using Guid(490b027b4bc17844c86dfb0e3f50ba97) Importer(815301076,1909f56bfc062723c751e8b465ee728b)  -> (artifact id: '0f330e5b81a89561766e53d3d0de29e3') in 0.227321 seconds 
  Import took 0.239705 seconds .

========================================================================
Received Import Request.
  Time since last request: 0.000487 seconds.
  path: Assets/Invector-3rdPersonController/Shooter/Prefabs/Weapon/_bullets/vGrenadeRifleEnemys.prefab
  artifactKey: Guid(8228c72e2a8148e4ab51894e6e37f364) Importer(815301076,1909f56bfc062723c751e8b465ee728b)
Start importing Assets/Invector-3rdPersonController/Shooter/Prefabs/Weapon/_bullets/vGrenadeRifleEnemys.prefab using Guid(8228c72e2a8148e4ab51894e6e37f364) Importer(815301076,1909f56bfc062723c751e8b465ee728b)  -> (artifact id: '26f70c05489378e205141d2c5788e4b6') in 0.055684 seconds 
  Import took 0.065490 seconds .

========================================================================
Received Import Request.
  Time since last request: 0.000466 seconds.
  path: Assets/Invector-3rdPersonController/Shooter/Prefabs/Weapon/_weapons_WITH_Inventory/_weaponsPrefabs/vSniper_Inventory.prefab
  artifactKey: Guid(c9d537197cc153745a468a97ec00241f) Importer(815301076,1909f56bfc062723c751e8b465ee728b)
Start importing Assets/Invector-3rdPersonController/Shooter/Prefabs/Weapon/_weapons_WITH_Inventory/_weaponsPrefabs/vSniper_Inventory.prefab using Guid(c9d537197cc153745a468a97ec00241f) Importer(815301076,1909f56bfc062723c751e8b465ee728b)  -> (artifact id: '750f258556fc23781e13e52fb882880c') in 0.150522 seconds 
  Import took 0.164437 seconds .

========================================================================
Received Import Request.
  Time since last request: 0.001100 seconds.
  path: Assets/Invector-3rdPersonController/Shooter/Prefabs/Weapon/_bullets/vGrenadeRifle2.prefab
  artifactKey: Guid(ea7806193c11d7c4d9f10b8b68ee5a9b) Importer(815301076,1909f56bfc062723c751e8b465ee728b)
Start importing Assets/Invector-3rdPersonController/Shooter/Prefabs/Weapon/_bullets/vGrenadeRifle2.prefab using Guid(ea7806193c11d7c4d9f10b8b68ee5a9b) Importer(815301076,1909f56bfc062723c751e8b465ee728b)  -> (artifact id: '73208d33b3a8b3c4fe7f4935a3512558') in 0.054843 seconds 
  Import took 0.068987 seconds .

========================================================================
Received Prepare
Registering precompiled user dll's ...
Registered in 0.006596 seconds.
Begin MonoManager ReloadAssembly
Native extension for WindowsStandalone target not found
Refreshing native plugins compatible for Editor in 0.58 ms, found 2 plugins.
Preloading 0 native plugins for Editor in 0.00 ms.
Mono: successfully reloaded assembly
- Completed reload, in  1.279 seconds
Platform modules already initialized, skipping
Refreshing native plugins compatible for Editor in 0.45 ms, found 2 plugins.
Preloading 0 native plugins for Editor in 0.00 ms.
Unloading 1713 Unused Serialized files (Serialized files now loaded: 0)
System memory in use before: 93.8 MB.
System memory in use after: 93.9 MB.

Unloading 142 unused Assets to reduce memory usage. Loaded Objects now: 2209.
Total: 2.337400 ms (FindLiveObjects: 0.184000 ms CreateObjectMapping: 0.054800 ms MarkObjects: 1.987600 ms  DeleteObjects: 0.110100 ms)

AssetImportParameters requested are different than current active one (requested -> active):
  custom:framework-win-MediaFoundation: 216162199b28c13a410421893ffa2e32 -> 
  custom:video-decoder-ogg-theora: a1e56fd34408186e4bbccfd4996cb3dc -> 
  custom:container-muxer-webm: aa71ff27fc2769a1b78a27578f13a17b -> 
  custom:container-demuxer-webm: 4f35f7cbe854078d1ac9338744f61a02 -> 
  custom:container-demuxer-ogg: 62fdf1f143b41e24485cea50d1cbac27 -> 
  custom:video-encoder-webm-vp8: eb34c28f22e8b96e1ab97ce403110664 -> 
  custom:video-codec-MediaFoundation-h265: 746d11721c4dcdbdad8f713fa42b33f4 -> 
  custom:video-decoder-webm-vp8: 9c59270c3fd7afecdb556c50c9e8de78 -> 
  custom:audio-decoder-ogg-vorbis: bf7c407c2cedff20999df2af8eb42d56 -> 
  custom:audio-encoder-webm-vorbis: bf7c407c2cedff20999df2af8eb42d56 -> 
========================================================================
Received Prepare
Registering precompiled user dll's ...
Registered in 0.006222 seconds.
Begin MonoManager ReloadAssembly
Native extension for WindowsStandalone target not found
Refreshing native plugins compatible for Editor in 0.49 ms, found 2 plugins.
Preloading 0 native plugins for Editor in 0.00 ms.
Mono: successfully reloaded assembly
- Completed reload, in  1.141 seconds
Platform modules already initialized, skipping
Refreshing native plugins compatible for Editor in 0.67 ms, found 2 plugins.
Preloading 0 native plugins for Editor in 0.00 ms.
Unloading 1713 Unused Serialized files (Serialized files now loaded: 0)
System memory in use before: 93.2 MB.
System memory in use after: 93.2 MB.

Unloading 14 unused Assets to reduce memory usage. Loaded Objects now: 2212.
Total: 2.664800 ms (FindLiveObjects: 0.237400 ms CreateObjectMapping: 0.112300 ms MarkObjects: 2.203100 ms  DeleteObjects: 0.110000 ms)

AssetImportParameters requested are different than current active one (requested -> active):
  custom:framework-win-MediaFoundation: 216162199b28c13a410421893ffa2e32 -> 
  custom:video-decoder-ogg-theora: a1e56fd34408186e4bbccfd4996cb3dc -> 
  custom:container-muxer-webm: aa71ff27fc2769a1b78a27578f13a17b -> 
  custom:container-demuxer-webm: 4f35f7cbe854078d1ac9338744f61a02 -> 
  custom:container-demuxer-ogg: 62fdf1f143b41e24485cea50d1cbac27 -> 
  custom:video-encoder-webm-vp8: eb34c28f22e8b96e1ab97ce403110664 -> 
  custom:video-codec-MediaFoundation-h265: 746d11721c4dcdbdad8f713fa42b33f4 -> 
  custom:video-decoder-webm-vp8: 9c59270c3fd7afecdb556c50c9e8de78 -> 
  custom:audio-decoder-ogg-vorbis: bf7c407c2cedff20999df2af8eb42d56 -> 
  custom:audio-encoder-webm-vorbis: bf7c407c2cedff20999df2af8eb42d56 -> 
========================================================================
Received Prepare
Registering precompiled user dll's ...
Registered in 0.006089 seconds.
Begin MonoManager ReloadAssembly
Native extension for WindowsStandalone target not found
Refreshing native plugins compatible for Editor in 0.47 ms, found 2 plugins.
Preloading 0 native plugins for Editor in 0.00 ms.
Mono: successfully reloaded assembly
- Completed reload, in  1.106 seconds
Platform modules already initialized, skipping
Refreshing native plugins compatible for Editor in 0.57 ms, found 2 plugins.
Preloading 0 native plugins for Editor in 0.00 ms.
Unloading 1721 Unused Serialized files (Serialized files now loaded: 0)
System memory in use before: 93.4 MB.
System memory in use after: 93.5 MB.

Unloading 14 unused Assets to reduce memory usage. Loaded Objects now: 2222.
Total: 2.293600 ms (FindLiveObjects: 0.177900 ms CreateObjectMapping: 0.049000 ms MarkObjects: 2.004200 ms  DeleteObjects: 0.061300 ms)

AssetImportParameters requested are different than current active one (requested -> active):
  custom:framework-win-MediaFoundation: 216162199b28c13a410421893ffa2e32 -> 
  custom:video-decoder-ogg-theora: a1e56fd34408186e4bbccfd4996cb3dc -> 
  custom:container-muxer-webm: aa71ff27fc2769a1b78a27578f13a17b -> 
  custom:container-demuxer-webm: 4f35f7cbe854078d1ac9338744f61a02 -> 
  custom:container-demuxer-ogg: 62fdf1f143b41e24485cea50d1cbac27 -> 
  custom:video-encoder-webm-vp8: eb34c28f22e8b96e1ab97ce403110664 -> 
  custom:video-codec-MediaFoundation-h265: 746d11721c4dcdbdad8f713fa42b33f4 -> 
  custom:video-decoder-webm-vp8: 9c59270c3fd7afecdb556c50c9e8de78 -> 
  custom:audio-decoder-ogg-vorbis: bf7c407c2cedff20999df2af8eb42d56 -> 
  custom:audio-encoder-webm-vorbis: bf7c407c2cedff20999df2af8eb42d56 -> 
========================================================================
Received Prepare
Registering precompiled user dll's ...
Registered in 0.005861 seconds.
Begin MonoManager ReloadAssembly
Native extension for WindowsStandalone target not found
Refreshing native plugins compatible for Editor in 2.89 ms, found 2 plugins.
Preloading 0 native plugins for Editor in 0.00 ms.
Mono: successfully reloaded assembly
- Completed reload, in  1.674 seconds
Platform modules already initialized, skipping
Refreshing native plugins compatible for Editor in 0.60 ms, found 2 plugins.
Preloading 0 native plugins for Editor in 0.00 ms.
Unloading 1725 Unused Serialized files (Serialized files now loaded: 0)
System memory in use before: 93.5 MB.
System memory in use after: 93.6 MB.

Unloading 14 unused Assets to reduce memory usage. Loaded Objects now: 2229.
Total: 4.006000 ms (FindLiveObjects: 0.228900 ms CreateObjectMapping: 0.051600 ms MarkObjects: 3.629500 ms  DeleteObjects: 0.094800 ms)

AssetImportParameters requested are different than current active one (requested -> active):
  custom:framework-win-MediaFoundation: 216162199b28c13a410421893ffa2e32 -> 
  custom:video-decoder-ogg-theora: a1e56fd34408186e4bbccfd4996cb3dc -> 
  custom:container-muxer-webm: aa71ff27fc2769a1b78a27578f13a17b -> 
  custom:container-demuxer-webm: 4f35f7cbe854078d1ac9338744f61a02 -> 
  custom:container-demuxer-ogg: 62fdf1f143b41e24485cea50d1cbac27 -> 
  custom:video-encoder-webm-vp8: eb34c28f22e8b96e1ab97ce403110664 -> 
  custom:video-codec-MediaFoundation-h265: 746d11721c4dcdbdad8f713fa42b33f4 -> 
  custom:video-decoder-webm-vp8: 9c59270c3fd7afecdb556c50c9e8de78 -> 
  custom:audio-decoder-ogg-vorbis: bf7c407c2cedff20999df2af8eb42d56 -> 
  custom:audio-encoder-webm-vorbis: bf7c407c2cedff20999df2af8eb42d56 -> 
========================================================================
Received Prepare
Registering precompiled user dll's ...
Registered in 0.005595 seconds.
Begin MonoManager ReloadAssembly
Native extension for WindowsStandalone target not found
Refreshing native plugins compatible for Editor in 0.45 ms, found 2 plugins.
Preloading 0 native plugins for Editor in 0.00 ms.
Mono: successfully reloaded assembly
- Completed reload, in  1.588 seconds
Platform modules already initialized, skipping
Refreshing native plugins compatible for Editor in 0.44 ms, found 2 plugins.
Preloading 0 native plugins for Editor in 0.00 ms.
Unloading 1727 Unused Serialized files (Serialized files now loaded: 0)
System memory in use before: 93.6 MB.
System memory in use after: 93.7 MB.

Unloading 14 unused Assets to reduce memory usage. Loaded Objects now: 2234.
Total: 2.591500 ms (FindLiveObjects: 0.171500 ms CreateObjectMapping: 0.053500 ms MarkObjects: 2.281300 ms  DeleteObjects: 0.083700 ms)

AssetImportParameters requested are different than current active one (requested -> active):
  custom:framework-win-MediaFoundation: 216162199b28c13a410421893ffa2e32 -> 
  custom:video-decoder-ogg-theora: a1e56fd34408186e4bbccfd4996cb3dc -> 
  custom:container-muxer-webm: aa71ff27fc2769a1b78a27578f13a17b -> 
  custom:container-demuxer-webm: 4f35f7cbe854078d1ac9338744f61a02 -> 
  custom:container-demuxer-ogg: 62fdf1f143b41e24485cea50d1cbac27 -> 
  custom:video-encoder-webm-vp8: eb34c28f22e8b96e1ab97ce403110664 -> 
  custom:video-codec-MediaFoundation-h265: 746d11721c4dcdbdad8f713fa42b33f4 -> 
  custom:video-decoder-webm-vp8: 9c59270c3fd7afecdb556c50c9e8de78 -> 
  custom:audio-decoder-ogg-vorbis: bf7c407c2cedff20999df2af8eb42d56 -> 
  custom:audio-encoder-webm-vorbis: bf7c407c2cedff20999df2af8eb42d56 -> 
